<?xml version='1.0'?>
<ns2:test-suite xmlns:ns2='urn:model.allure.qatools.yandex.ru' start='1514098976541' stop='1514098995437'>
    <name>Bank Manager Login Test</name>
    <title>Bank Manager Login Test</title>
    <test-cases>
        <test-case start='1514098976542' status='failed' stop='1514098995066'>
            <name>should login as bank manager</name>
            <title>should login as bank manager</title>
            <labels/>
            <parameters/>
            <steps/>
            <attachments>
                <attachment title='Screenshot' source='93fbad97-d2f5-4219-8725-034675317171-attachment.png' type='image/png' size='62609'/>
            </attachments>
            <failure>
                <message>Failed: unknown error: [$injector:modulerr] http://errors.angularjs.org/1.4.7/$injector/modulerr?p0=BankApp&amp;p1=Error%3A%20%5B%24injector%3Anomod%5D%20http%3A%2F%2Ferrors.angularjs.org%2F1.4.7%2F%24injector%2Fnomod%3Fp0%3DBankApp%0A%20%20%20%20at%20https%3A%2F%2Fajax.googleapis.com%2Fajax%2Flibs%2Fangularjs%2F1.4.7%2Fangular.min.js%3A6%3A416%0A%20%20%20%20at%20https%3A%2F%2Fajax.googleapis.com%2Fajax%2Flibs%2Fangularjs%2F1.4.7%2Fangular.min.js%3A24%3A186%0A%20%20%20%20at%20a%20(https%3A%2F%2Fajax.googleapis.com%2Fajax%2Flibs%2Fangularjs%2F1.4.7%2Fangular.min.js%3A23%3A252)%0A%20%20%20%20at%20https%3A%2F%2Fajax.googleapis.com%2Fajax%2Flibs%2Fangularjs%2F1.4.7%2Fangular.min.js%3A23%3A495%0A%20%20%20%20at%20https%3A%2F%2Fajax.googleapis.com%2Fajax%2Flibs%2Fangularjs%2F1.4.7%2Fangular.min.js%3A37%3A427%0A%20%20%20%20at%20m%20(https%3A%2F%2Fajax.googleapis.com%2Fajax%2Flibs%2Fangularjs%2F1.4.7%2Fangular.min.js%3A7%3A322)%0A%20%20%20%20at%20h%20(https%3A%2F%2Fajax.googleapis.com%2Fajax%2Flibs%2Fangularjs%2F1.4.7%2Fangular.min.js%3A37%3A275)%0A%20%20%20%20at%20fb%20(https%3A%2F%2Fajax.googleapis.com%2Fajax%2Flibs%2Fangularjs%2F1.4.7%2Fangular.min.js%3A41%3A35)%0A%20%20%20%20at%20d%20(https%3A%2F%2Fajax.googleapis.com%2Fajax%2Flibs%2Fangularjs%2F1.4.7%2Fangular.min.js%3A19%3A463)%0A%20%20%20%20at%20Object.da.resumeBootstrap%20(https%3A%2F%2Fajax.googleapis.com%2Fajax%2Flibs%2Fangularjs%2F1.4.7%2Fangular.min.js%3A20%3A372)
                  (Session info: chrome=63.0.3239.84)
                  (Driver info: chromedriver=2.34.522932 (4140ab217e1ca1bec0c4b4d1b148f3361eb3a03e),platform=Mac OS X 10.13.2 x86_64)</message>
                <stack-trace>WebDriverError: unknown error: [$injector:modulerr] http://errors.angularjs.org/1.4.7/$injector/modulerr?p0=BankApp&amp;p1=Error%3A%20%5B%24injector%3Anomod%5D%20http%3A%2F%2Ferrors.angularjs.org%2F1.4.7%2F%24injector%2Fnomod%3Fp0%3DBankApp%0A%20%20%20%20at%20https%3A%2F%2Fajax.googleapis.com%2Fajax%2Flibs%2Fangularjs%2F1.4.7%2Fangular.min.js%3A6%3A416%0A%20%20%20%20at%20https%3A%2F%2Fajax.googleapis.com%2Fajax%2Flibs%2Fangularjs%2F1.4.7%2Fangular.min.js%3A24%3A186%0A%20%20%20%20at%20a%20(https%3A%2F%2Fajax.googleapis.com%2Fajax%2Flibs%2Fangularjs%2F1.4.7%2Fangular.min.js%3A23%3A252)%0A%20%20%20%20at%20https%3A%2F%2Fajax.googleapis.com%2Fajax%2Flibs%2Fangularjs%2F1.4.7%2Fangular.min.js%3A23%3A495%0A%20%20%20%20at%20https%3A%2F%2Fajax.googleapis.com%2Fajax%2Flibs%2Fangularjs%2F1.4.7%2Fangular.min.js%3A37%3A427%0A%20%20%20%20at%20m%20(https%3A%2F%2Fajax.googleapis.com%2Fajax%2Flibs%2Fangularjs%2F1.4.7%2Fangular.min.js%3A7%3A322)%0A%20%20%20%20at%20h%20(https%3A%2F%2Fajax.googleapis.com%2Fajax%2Flibs%2Fangularjs%2F1.4.7%2Fangular.min.js%3A37%3A275)%0A%20%20%20%20at%20fb%20(https%3A%2F%2Fajax.googleapis.com%2Fajax%2Flibs%2Fangularjs%2F1.4.7%2Fangular.min.js%3A41%3A35)%0A%20%20%20%20at%20d%20(https%3A%2F%2Fajax.googleapis.com%2Fajax%2Flibs%2Fangularjs%2F1.4.7%2Fangular.min.js%3A19%3A463)%0A%20%20%20%20at%20Object.da.resumeBootstrap%20(https%3A%2F%2Fajax.googleapis.com%2Fajax%2Flibs%2Fangularjs%2F1.4.7%2Fangular.min.js%3A20%3A372)
                  (Session info: chrome=63.0.3239.84)
                  (Driver info: chromedriver=2.34.522932 (4140ab217e1ca1bec0c4b4d1b148f3361eb3a03e),platform=Mac OS X 10.13.2 x86_64)
                    at Object.checkLegacyResponse (/usr/local/lib/node_modules/protractor/node_modules/selenium-webdriver/lib/error.js:546:15)
                    at parseHttpResponse (/usr/local/lib/node_modules/protractor/node_modules/selenium-webdriver/lib/http.js:509:13)
                    at doSend.then.response (/usr/local/lib/node_modules/protractor/node_modules/selenium-webdriver/lib/http.js:441:30)
                    at &lt;anonymous>
                    at process._tickCallback (internal/process/next_tick.js:188:7)
                From: Task: Protractor.get(http://www.way2automation.com/angularjs-protractor/banking/#/login) - resume bootstrap
                    at Driver.schedule (/usr/local/lib/node_modules/protractor/node_modules/selenium-webdriver/lib/webdriver.js:807:17)
                    at ProtractorBrowser.executeScriptWithDescription (/usr/local/lib/node_modules/protractor/built/browser.js:404:28)
                    at modulePromise.then (/usr/local/lib/node_modules/protractor/built/browser.js:744:54)
                    at ManagedPromise.invokeCallback_ (/usr/local/lib/node_modules/protractor/node_modules/selenium-webdriver/lib/promise.js:1376:14)
                    at TaskQueue.execute_ (/usr/local/lib/node_modules/protractor/node_modules/selenium-webdriver/lib/promise.js:3084:14)
                    at TaskQueue.executeNext_ (/usr/local/lib/node_modules/protractor/node_modules/selenium-webdriver/lib/promise.js:3067:27)
                    at asyncRun (/usr/local/lib/node_modules/protractor/node_modules/selenium-webdriver/lib/promise.js:2927:27)
                    at /usr/local/lib/node_modules/protractor/node_modules/selenium-webdriver/lib/promise.js:668:7
                    at &lt;anonymous>
                    at process._tickCallback (internal/process/next_tick.js:188:7)
                From: Task: Run it("should login as bank manager") in control flow
                    at UserContext.&lt;anonymous> (/usr/local/lib/node_modules/protractor/node_modules/jasminewd2/index.js:94:19)
                    at attempt (/usr/local/lib/node_modules/protractor/node_modules/jasmine-core/lib/jasmine-core/jasmine.js:4297:26)
                    at QueueRunner.run (/usr/local/lib/node_modules/protractor/node_modules/jasmine-core/lib/jasmine-core/jasmine.js:4217:20)
                    at QueueRunner.execute (/usr/local/lib/node_modules/protractor/node_modules/jasmine-core/lib/jasmine-core/jasmine.js:4199:10)
                    at Spec.queueRunnerFactory (/usr/local/lib/node_modules/protractor/node_modules/jasmine-core/lib/jasmine-core/jasmine.js:909:35)
                    at Spec.execute (/usr/local/lib/node_modules/protractor/node_modules/jasmine-core/lib/jasmine-core/jasmine.js:526:10)
                    at UserContext.fn (/usr/local/lib/node_modules/protractor/node_modules/jasmine-core/lib/jasmine-core/jasmine.js:5340:37)
                    at attempt (/usr/local/lib/node_modules/protractor/node_modules/jasmine-core/lib/jasmine-core/jasmine.js:4297:26)
                    at QueueRunner.run (/usr/local/lib/node_modules/protractor/node_modules/jasmine-core/lib/jasmine-core/jasmine.js:4217:20)
                    at QueueRunner.execute (/usr/local/lib/node_modules/protractor/node_modules/jasmine-core/lib/jasmine-core/jasmine.js:4199:10)
                From asynchronous test: 
                Error
                    at Suite.&lt;anonymous> (/Users/trupti/WebstormProjects/BankPageObjects/test_spec/BankManagerLogin_spec.js:12:5)
                    at addSpecsToSuite (/usr/local/lib/node_modules/protractor/node_modules/jasmine-core/lib/jasmine-core/jasmine.js:1107:25)
                    at Env.describe (/usr/local/lib/node_modules/protractor/node_modules/jasmine-core/lib/jasmine-core/jasmine.js:1074:7)
                    at describe (/usr/local/lib/node_modules/protractor/node_modules/jasmine-core/lib/jasmine-core/jasmine.js:4399:18)
                    at Object.&lt;anonymous> (/Users/trupti/WebstormProjects/BankPageObjects/test_spec/BankManagerLogin_spec.js:1:63)
                    at Module._compile (module.js:635:30)
                    at Object.Module._extensions..js (module.js:646:10)
                    at Module.load (module.js:554:32)
                    at tryModuleLoad (module.js:497:12)</stack-trace>
            </failure>
        </test-case>
        <test-case start='1514098995066' status='failed' stop='1514098995437'>
            <name>should add a customer</name>
            <title>should add a customer</title>
            <labels/>
            <parameters/>
            <steps/>
            <attachments>
                <attachment title='Screenshot' source='82d566c9-1075-48b3-a45f-33129bc47829-attachment.png' type='image/png' size='62609'/>
            </attachments>
            <failure>
                <message>Failed: protractor.getInstance is not a function</message>
                <stack-trace>TypeError: protractor.getInstance is not a function
                    at UserContext.&lt;anonymous> (/Users/trupti/WebstormProjects/BankPageObjects/test_spec/BankManagerLogin_spec.js:33:31)
                    at /usr/local/lib/node_modules/protractor/node_modules/jasminewd2/index.js:112:25
                    at new ManagedPromise (/usr/local/lib/node_modules/protractor/node_modules/selenium-webdriver/lib/promise.js:1077:7)
                    at ControlFlow.promise (/usr/local/lib/node_modules/protractor/node_modules/selenium-webdriver/lib/promise.js:2505:12)
                    at schedulerExecute (/usr/local/lib/node_modules/protractor/node_modules/jasminewd2/index.js:95:18)
                    at TaskQueue.execute_ (/usr/local/lib/node_modules/protractor/node_modules/selenium-webdriver/lib/promise.js:3084:14)
                    at TaskQueue.executeNext_ (/usr/local/lib/node_modules/protractor/node_modules/selenium-webdriver/lib/promise.js:3067:27)
                    at asyncRun (/usr/local/lib/node_modules/protractor/node_modules/selenium-webdriver/lib/promise.js:2974:25)
                    at /usr/local/lib/node_modules/protractor/node_modules/selenium-webdriver/lib/promise.js:668:7
                    at &lt;anonymous>
                From: Task: Run it("should add a customer") in control flow
                    at UserContext.&lt;anonymous> (/usr/local/lib/node_modules/protractor/node_modules/jasminewd2/index.js:94:19)
                    at attempt (/usr/local/lib/node_modules/protractor/node_modules/jasmine-core/lib/jasmine-core/jasmine.js:4297:26)
                    at QueueRunner.run (/usr/local/lib/node_modules/protractor/node_modules/jasmine-core/lib/jasmine-core/jasmine.js:4217:20)
                    at QueueRunner.execute (/usr/local/lib/node_modules/protractor/node_modules/jasmine-core/lib/jasmine-core/jasmine.js:4199:10)
                    at Spec.queueRunnerFactory (/usr/local/lib/node_modules/protractor/node_modules/jasmine-core/lib/jasmine-core/jasmine.js:909:35)
                    at Spec.execute (/usr/local/lib/node_modules/protractor/node_modules/jasmine-core/lib/jasmine-core/jasmine.js:526:10)
                    at UserContext.fn (/usr/local/lib/node_modules/protractor/node_modules/jasmine-core/lib/jasmine-core/jasmine.js:5340:37)
                    at attempt (/usr/local/lib/node_modules/protractor/node_modules/jasmine-core/lib/jasmine-core/jasmine.js:4297:26)
                    at QueueRunner.run (/usr/local/lib/node_modules/protractor/node_modules/jasmine-core/lib/jasmine-core/jasmine.js:4217:20)
                    at runNext (/usr/local/lib/node_modules/protractor/node_modules/jasmine-core/lib/jasmine-core/jasmine.js:4257:20)
                From asynchronous test: 
                Error
                    at Suite.&lt;anonymous> (/Users/trupti/WebstormProjects/BankPageObjects/test_spec/BankManagerLogin_spec.js:25:5)
                    at addSpecsToSuite (/usr/local/lib/node_modules/protractor/node_modules/jasmine-core/lib/jasmine-core/jasmine.js:1107:25)
                    at Env.describe (/usr/local/lib/node_modules/protractor/node_modules/jasmine-core/lib/jasmine-core/jasmine.js:1074:7)
                    at describe (/usr/local/lib/node_modules/protractor/node_modules/jasmine-core/lib/jasmine-core/jasmine.js:4399:18)
                    at Object.&lt;anonymous> (/Users/trupti/WebstormProjects/BankPageObjects/test_spec/BankManagerLogin_spec.js:1:63)
                    at Module._compile (module.js:635:30)
                    at Object.Module._extensions..js (module.js:646:10)
                    at Module.load (module.js:554:32)
                    at tryModuleLoad (module.js:497:12)</stack-trace>
            </failure>
        </test-case>
    </test-cases>
</ns2:test-suite>